<?xml version="1.0" encoding="UTF-8"?>
<!-- Generated by org.testng.reporters.JUnitXMLReporter -->
<testsuite ignored="0" hostname="Oke" failures="1" tests="1" name="NewNopcommerceTest" time="26.661" errors="0" timestamp="2023-07-13T12:06:17 BST">
  <testcase classname="testcases.TC_001_Registration_Test" name="test_RegistrationTest" time="22.199">
    <failure type="java.lang.AssertionError" message="expected [no such element: Unable to locate element: {&amp;quot;method&amp;quot;:&amp;quot;css selector&amp;quot;,&amp;quot;selector&amp;quot;:&amp;quot;.result&amp;quot;}
  (Session info: MicrosoftEdge=114.0.1823.67)
For documentation on this error, please visit: https://selenium.dev/exceptions/#no_such_element
Build info: version: &amp;apos;4.6.0&amp;apos;, revision: &amp;apos;79f1c02ae20&amp;apos;
System info: os.name: &amp;apos;Windows 11&amp;apos;, os.arch: &amp;apos;amd64&amp;apos;, os.version: &amp;apos;10.0&amp;apos;, java.version: &amp;apos;20.0.1&amp;apos;
Driver info: org.openqa.selenium.edge.EdgeDriver
Command: [8ccb8d3e70d09e537cf237172797fdd6, findElement {using=css selector, value=.result}]
Capabilities {acceptInsecureCerts: false, browserName: msedge, browserVersion: 114.0.1823.67, ms:edgeOptions: {debuggerAddress: localhost:57411}, msedge: {msedgedriverVersion: 114.0.1823.79 (c0c722a9579e..., userDataDir: C:\Users\okeog\AppData\Loca...}, networkConnectionEnabled: false, pageLoadStrategy: normal, platformName: WINDOWS, proxy: Proxy(), se:cdp: ws://localhost:57411/devtoo..., se:cdpVersion: 114.0.1823.67, setWindowRect: true, strictFileInteractability: false, timeouts: {implicit: 0, pageLoad: 300000, script: 30000}, unhandledPromptBehavior: dismiss and notify, webauthn:extension:credBlob: true, webauthn:extension:largeBlob: true, webauthn:extension:minPinLength: true, webauthn:extension:prf: true, webauthn:virtualAuthenticators: true}
Session ID: 8ccb8d3e70d09e537cf237172797fdd6] but found [Your registration completed]">
      <![CDATA[java.lang.AssertionError: expected [no such element: Unable to locate element: {"method":"css selector","selector":".result"}
  (Session info: MicrosoftEdge=114.0.1823.67)
For documentation on this error, please visit: https://selenium.dev/exceptions/#no_such_element
Build info: version: '4.6.0', revision: '79f1c02ae20'
System info: os.name: 'Windows 11', os.arch: 'amd64', os.version: '10.0', java.version: '20.0.1'
Driver info: org.openqa.selenium.edge.EdgeDriver
Command: [8ccb8d3e70d09e537cf237172797fdd6, findElement {using=css selector, value=.result}]
Capabilities {acceptInsecureCerts: false, browserName: msedge, browserVersion: 114.0.1823.67, ms:edgeOptions: {debuggerAddress: localhost:57411}, msedge: {msedgedriverVersion: 114.0.1823.79 (c0c722a9579e..., userDataDir: C:\Users\okeog\AppData\Loca...}, networkConnectionEnabled: false, pageLoadStrategy: normal, platformName: WINDOWS, proxy: Proxy(), se:cdp: ws://localhost:57411/devtoo..., se:cdpVersion: 114.0.1823.67, setWindowRect: true, strictFileInteractability: false, timeouts: {implicit: 0, pageLoad: 300000, script: 30000}, unhandledPromptBehavior: dismiss and notify, webauthn:extension:credBlob: true, webauthn:extension:largeBlob: true, webauthn:extension:minPinLength: true, webauthn:extension:prf: true, webauthn:virtualAuthenticators: true}
Session ID: 8ccb8d3e70d09e537cf237172797fdd6] but found [Your registration completed]
at testcases.TC_001_Registration_Test.test_RegistrationTest(TC_001_Registration_Test.java:43)
at java.base/java.util.ArrayList.forEach(ArrayList.java:1511)
... Removed 31 stack frames]]>
    </failure>
  </testcase> <!-- test_RegistrationTest -->
</testsuite> <!-- NewNopcommerceTest -->
